<?xml version="1.0" encoding="UTF-8" ?>
<testsuites errors="1"
            failures="1"
            tests="1">

  <testsuite name="file_io_test"
    errors="1" failures="1" hostname="" id="" package="file_io_test" skipped="0"
    tests="1" time="13.47" timestamp="">
  
    <testcase name="function" classname="file_io_test" time="13.47" assertions="3">

    

      <failure message="Timed out while waiting for element &lt;a[href*=&#34;https://file.io&#34;]&gt; to be present for 10000 milliseconds. - expected &#34;visible&#34; but got: &#34;not found&#34; (10326ms)">    at uploadFile (D:\Documents\CODING\TDL-Exam\scripts\tests\file_io_test.js:26:6)
    at Object.function (D:\Documents\CODING\TDL-Exam\scripts\tests\file_io_test.js:13:3)
    at processTicksAndRejections (internal/process/task_queues.js:97:5)</failure>

    
    <error message="Timed out while waiting for element &lt;a[href*=&#34;https://file.io&#34;]&gt; to be present for 10000 milliseconds. - expected [0;32m&#34;visible&#34;[0m but got: [0;31m&#34;not found&#34;[0m [0;90m(10326ms)[0m" type="error"><![CDATA[
        at uploadFile (D:\Documents\CODING\TDL-Exam\scripts\tests\file_io_test.js:26:6)
    at Object.function (D:\Documents\CODING\TDL-Exam\scripts\tests\file_io_test.js:13:3)
    at processTicksAndRejections (internal/process/task_queues.js:97:5)
    ]]></error>
    
    </testcase>
  

  
    <system-err>
        TimeoutError: An error occurred while running .setValue() command on &lt;input[type=&#34;file&#34;]&gt;:   (Session info: chrome=85.0.4183.102),  (Driver info: chromedriver=85.0.4183.87 (cd6713ebf92fa1cacc0f1a598df280093af0c5d7-refs/branch-heads/4183@{#1689}),platform=Windows NT 10.0.19041 x86_64); invalid argument: File not found : D:\Documents\CODING\TDL-Exam\scripts\assets\alpacaHighRes.jpg
   {&#34;status&#34;:-1,&#34;state&#34;:&#34;&#34;,&#34;code&#34;:&#34;&#34;,&#34;value&#34;:{&#34;message&#34;:&#34;invalid argument: File not found : D:\\Documents\\CODING\\TDL-Exam\\scripts\\assets\\alpacaHighRes.jpg&#34;,&#34;error&#34;:[&#34;  (Session info: chrome=85.0.4183.102)&#34;,&#34;  (Driver info: chromedriver=85.0.4183.87 (cd6713ebf92fa1cacc0f1a598df280093af0c5d7-refs/branch-heads/4183@{#1689}),platform=Windows NT 10.0.19041 x86_64)&#34;]},&#34;errorStatus&#34;:61,&#34;error&#34;:&#34;An unknown error has occurred â€“ invalid argument: File not found : D:\\Documents\\CODING\\TDL-Exam\\scripts\\assets\\alpacaHig...&#34;,&#34;httpStatusCode&#34;:200}
       at processTicksAndRejections (internal/process/task_queues.js:97:5)
    </system-err>
  

    

  
  </testsuite>
</testsuites>
